<?xml version="1.0" encoding="UTF-8"?>
<robot generator="Robot 6.0.2 (Python 3.10.10 on darwin)" generated="20230327 17:04:23.167" rpa="false" schemaversion="3">
<suite id="s1" name="Robot 2023" source="/Users/olehlazeba/PycharmProjects/robot_2023">
<suite id="s1-s1" name="Test Cases" source="/Users/olehlazeba/PycharmProjects/robot_2023/test_cases">
<suite id="s1-s1-s1" name="First Test" source="/Users/olehlazeba/PycharmProjects/robot_2023/test_cases/first_test.robot">
<test id="s1-s1-s1-t1" name="My First Test Case" line="6">
<kw name="Open Browser" library="SeleniumLibrary">
<arg>https://www.saucedemo.com/</arg>
<arg>Firefox</arg>
<doc>Opens a new browser instance to the optional ``url``.</doc>
<msg timestamp="20230327 17:04:23.328" level="INFO">Opening browser 'Firefox' to base url 'https://www.saucedemo.com/'.</msg>
<msg timestamp="20230327 17:04:23.329" level="INFO">Firefox driver log is always forced to to: /Users/olehlazeba/PycharmProjects/robot_2023/geckodriver-3.log</msg>
<status status="PASS" starttime="20230327 17:04:23.328" endtime="20230327 17:04:26.947"/>
</kw>
<kw name="Maximize Browser Window" library="SeleniumLibrary">
<doc>Maximizes current browser window.</doc>
<status status="PASS" starttime="20230327 17:04:26.947" endtime="20230327 17:04:27.415"/>
</kw>
<kw name="Sleep" library="BuiltIn">
<arg>5</arg>
<doc>Pauses the test executed for the given time.</doc>
<msg timestamp="20230327 17:04:32.417" level="INFO">Slept 5 seconds</msg>
<status status="PASS" starttime="20230327 17:04:27.415" endtime="20230327 17:04:32.417"/>
</kw>
<kw name="Close Browser" library="SeleniumLibrary">
<doc>Closes the current browser.</doc>
<status status="PASS" starttime="20230327 17:04:32.418" endtime="20230327 17:04:32.851"/>
</kw>
<status status="PASS" starttime="20230327 17:04:23.327" endtime="20230327 17:04:32.851"/>
</test>
<status status="PASS" starttime="20230327 17:04:23.192" endtime="20230327 17:04:32.852"/>
</suite>
<status status="PASS" starttime="20230327 17:04:23.191" endtime="20230327 17:04:32.853"/>
</suite>
<status status="PASS" starttime="20230327 17:04:23.168" endtime="20230327 17:04:32.854"/>
</suite>
<statistics>
<total>
<stat pass="1" fail="0" skip="0">All Tests</stat>
</total>
<tag>
</tag>
<suite>
<stat pass="1" fail="0" skip="0" id="s1" name="Robot 2023">Robot 2023</stat>
<stat pass="1" fail="0" skip="0" id="s1-s1" name="Test Cases">Robot 2023.Test Cases</stat>
<stat pass="1" fail="0" skip="0" id="s1-s1-s1" name="First Test">Robot 2023.Test Cases.First Test</stat>
</suite>
</statistics>
<errors>
</errors>
</robot>
