<?xml version="1.0" encoding="UTF-8"?>
<robot generator="Robot 6.0.2 (Python 3.10.10 on darwin)" generated="20230327 18:02:52.481" rpa="false" schemaversion="3">
<suite id="s1" name="First Test" source="/Users/olehlazeba/PycharmProjects/robot_2023/test_cases/first_test.robot">
<test id="s1-t1" name="My First Test Case" line="9">
<kw name="Open Browser" library="SeleniumLibrary">
<arg>${URL}</arg>
<arg>${Browser}</arg>
<doc>Opens a new browser instance to the optional ``url``.</doc>
<msg timestamp="20230327 18:02:52.611" level="INFO">Opening browser 'Chrome' to base url 'https://www.saucedemo.com/'.</msg>
<status status="PASS" starttime="20230327 18:02:52.611" endtime="20230327 18:02:55.296"/>
</kw>
<kw name="Maximize Browser Window" library="SeleniumLibrary">
<doc>Maximizes current browser window.</doc>
<status status="PASS" starttime="20230327 18:02:55.297" endtime="20230327 18:02:55.712"/>
</kw>
<kw name="Input Text" library="SeleniumLibrary">
<arg>id:user-name</arg>
<arg>standard_user</arg>
<doc>Types the given ``text`` into the text field identified by ``locator``.</doc>
<msg timestamp="20230327 18:02:55.713" level="INFO">Typing text 'standard_user' into text field 'id:user-name'.</msg>
<status status="PASS" starttime="20230327 18:02:55.712" endtime="20230327 18:02:55.903"/>
</kw>
<kw name="Input Text" library="SeleniumLibrary">
<arg>xpath://*[@id="password"]</arg>
<arg>secret_sauce</arg>
<doc>Types the given ``text`` into the text field identified by ``locator``.</doc>
<msg timestamp="20230327 18:02:55.904" level="INFO">Typing text 'secret_sauce' into text field 'xpath://*[@id="password"]'.</msg>
<status status="PASS" starttime="20230327 18:02:55.903" endtime="20230327 18:02:55.998"/>
</kw>
<kw name="Click Button" library="SeleniumLibrary">
<arg>name:login-button</arg>
<doc>Clicks the button identified by ``locator``.</doc>
<msg timestamp="20230327 18:02:55.999" level="INFO">Clicking button 'name:login-button'.</msg>
<status status="PASS" starttime="20230327 18:02:55.998" endtime="20230327 18:02:56.093"/>
</kw>
<kw name="Sleep" library="BuiltIn">
<arg>5</arg>
<doc>Pauses the test executed for the given time.</doc>
<msg timestamp="20230327 18:03:01.096" level="INFO">Slept 5 seconds</msg>
<status status="PASS" starttime="20230327 18:02:56.093" endtime="20230327 18:03:01.096"/>
</kw>
<kw name="Close Browser" library="SeleniumLibrary">
<doc>Closes the current browser.</doc>
<status status="PASS" starttime="20230327 18:03:01.097" endtime="20230327 18:03:01.195"/>
</kw>
<status status="PASS" starttime="20230327 18:02:52.611" endtime="20230327 18:03:01.195"/>
</test>
<status status="PASS" starttime="20230327 18:02:52.483" endtime="20230327 18:03:01.196"/>
</suite>
<statistics>
<total>
<stat pass="1" fail="0" skip="0">All Tests</stat>
</total>
<tag>
</tag>
<suite>
<stat pass="1" fail="0" skip="0" id="s1" name="First Test">First Test</stat>
</suite>
</statistics>
<errors>
</errors>
</robot>
